#
# There is insufficient memory for the Java Runtime Environment to continue.
# Native memory allocation (mmap) failed to map 124780544 bytes for committing reserved memory.
# Possible reasons:
#   The system is out of physical RAM or swap space
#   The process is running with CompressedOops enabled, and the Java Heap may be blocking the growth of the native heap
# Possible solutions:
#   Reduce memory load on the system
#   Increase physical memory or swap space
#   Check if swap backing store is full
#   Decrease Java heap size (-Xmx/-Xms)
#   Decrease number of Java threads
#   Decrease Java thread stack sizes (-Xss)
#   Set larger code cache with -XX:ReservedCodeCacheSize=
#   JVM is running with Unscaled Compressed Oops mode in which the Java heap is
#     placed in the first 4GB address space. The Java Heap base address is the
#     maximum limit for the native heap growth. Please use -XX:HeapBaseMinAddress
#     to set the Java Heap base and to place the Java Heap above 4GB virtual address.
# This output file may be truncated or incomplete.
#
#  Out of Memory Error (os_linux.cpp:2720), pid=16608, tid=16620
#
# JRE version: OpenJDK Runtime Environment (11.0.2+9) (build 11.0.2+9-Ubuntu-3ubuntu118.04.3)
# Java VM: OpenJDK 64-Bit Server VM (11.0.2+9-Ubuntu-3ubuntu118.04.3, mixed mode, sharing, tiered, compressed oops, g1 gc, linux-amd64)
# Core dump will be written. Default location: Core dumps may be processed with "/usr/share/apport/apport %p %s %c %d %P" (or dumping to /home/egor/Projects/voting/voting_backend/core.16608)
#

---------------  S U M M A R Y ------------

Command Line: --add-modules=ALL-SYSTEM --add-opens=java.base/java.util=ALL-UNNAMED --add-opens=java.base/java.lang=ALL-UNNAMED -Declipse.application=org.eclipse.jdt.ls.core.id1 -Dosgi.bundles.defaultStartLevel=4 -Declipse.product=org.eclipse.jdt.ls.core.product -Dfile.encoding=utf8 -Xverify:none -Xmx1G -XX:+UseG1GC -XX:+UseStringDeduplication /home/egor/.vscode/extensions/redhat.java-0.44.0/server/plugins/org.eclipse.equinox.launcher_1.5.300.v20190213-1655.jar -configuration /home/egor/.vscode/extensions/redhat.java-0.44.0/server/config_linux -data /home/egor/.config/Code/User/workspaceStorage/44023016d8ec9ae63b8e3a5527715a99/redhat.java/jdt_ws

Host: Intel(R) Core(TM) i3-4010U CPU @ 1.70GHz, 4 cores, 3G, Ubuntu 18.04.2 LTS
Time: Wed May  8 19:41:28 2019 EEST elapsed time: 92 seconds (0d 0h 1m 32s)

---------------  T H R E A D  ---------------

Current thread (0x00007f62cc11f800):  VMThread "VM Thread" [stack: 0x00007f62b00f7000,0x00007f62b01f7000] [id=16620]

Stack: [0x00007f62b00f7000,0x00007f62b01f7000],  sp=0x00007f62b01f5060,  free space=1016k
Native frames: (J=compiled Java code, A=aot compiled Java code, j=interpreted, Vv=VM code, C=native code)
V  [libjvm.so+0xde4a77]
V  [libjvm.so+0xde56cb]
V  [libjvm.so+0x65c115]
V  [libjvm.so+0xbbfd58]
V  [libjvm.so+0xbb75ed]
V  [libjvm.so+0x773b5f]
V  [libjvm.so+0x773dce]
V  [libjvm.so+0x77fcf0]
V  [libjvm.so+0x7fa829]
V  [libjvm.so+0x7fb47f]
V  [libjvm.so+0x7fb909]
V  [libjvm.so+0x73917f]
V  [libjvm.so+0x73df0a]
V  [libjvm.so+0xdf0461]
V  [libjvm.so+0xdef028]
V  [libjvm.so+0xdec8a6]
V  [libjvm.so+0xdecd6e]
V  [libjvm.so+0xded19b]
V  [libjvm.so+0xbc5a20]

VM_Operation (0x00007f62692b0220): G1CollectForAllocation, mode: safepoint, requested by thread 0x00007f6244033000


---------------  P R O C E S S  ---------------

Threads class SMR info:
_java_thread_list=0x00007f6280628f50, length=26, elements={
0x00007f62cc012800, 0x00007f62cc122800, 0x00007f62cc124800, 0x00007f62cc12b000,
0x00007f62cc12d800, 0x00007f62cc12f800, 0x00007f62cc131800, 0x00007f62cc13f800,
0x00007f62cc181800, 0x00007f62cc3d4800, 0x00007f62cc2c8800, 0x00007f62cc2ca000,
0x00007f62cc6ac800, 0x00007f6250206800, 0x00007f62502b9000, 0x00007f622c001800,
0x00007f6250420800, 0x00007f625052b000, 0x00007f6238004000, 0x00007f62541b6000,
0x00007f62cc2a3800, 0x00007f62cc4a2000, 0x00007f6250193800, 0x00007f623c048800,
0x00007f6244033000, 0x00007f6280a45000
}

Java Threads: ( => current thread )
  0x00007f62cc012800 JavaThread "main" [_thread_blocked, id=16611, stack(0x00007f62d2c19000,0x00007f62d2d1a000)]
  0x00007f62cc122800 JavaThread "Reference Handler" daemon [_thread_blocked, id=16621, stack(0x00007f62a16ff000,0x00007f62a1800000)]
  0x00007f62cc124800 JavaThread "Finalizer" daemon [_thread_blocked, id=16622, stack(0x00007f62a15fe000,0x00007f62a16ff000)]
  0x00007f62cc12b000 JavaThread "Signal Dispatcher" daemon [_thread_blocked, id=16623, stack(0x00007f62a09b6000,0x00007f62a0ab7000)]
  0x00007f62cc12d800 JavaThread "C2 CompilerThread0" daemon [_thread_blocked, id=16624, stack(0x00007f62a08b5000,0x00007f62a09b6000)]
  0x00007f62cc12f800 JavaThread "C1 CompilerThread0" daemon [_thread_blocked, id=16625, stack(0x00007f62a07b4000,0x00007f62a08b5000)]
  0x00007f62cc131800 JavaThread "Sweeper thread" daemon [_thread_blocked, id=16626, stack(0x00007f62a06b3000,0x00007f62a07b4000)]
  0x00007f62cc13f800 JavaThread "Common-Cleaner" daemon [_thread_blocked, id=16627, stack(0x00007f62a05b2000,0x00007f62a06b3000)]
  0x00007f62cc181800 JavaThread "Service Thread" daemon [_thread_blocked, id=16629, stack(0x00007f62a04b1000,0x00007f62a05b2000)]
  0x00007f62cc3d4800 JavaThread "Active Thread: Equinox Container: 8854f4d3-7faa-4931-84b7-8e6bb62c0a69" [_thread_blocked, id=16671, stack(0x00007f62a009d000,0x00007f62a019e000)]
  0x00007f62cc2c8800 JavaThread "Framework Event Dispatcher: Equinox Container: 8854f4d3-7faa-4931-84b7-8e6bb62c0a69" daemon [_thread_blocked, id=16672, stack(0x00007f626b9e4000,0x00007f626bae5000)]
  0x00007f62cc2ca000 JavaThread "Start Level: Equinox Container: 8854f4d3-7faa-4931-84b7-8e6bb62c0a69" daemon [_thread_blocked, id=16673, stack(0x00007f626b8e3000,0x00007f626b9e4000)]
  0x00007f62cc6ac800 JavaThread "Refresh Thread: Equinox Container: 8854f4d3-7faa-4931-84b7-8e6bb62c0a69" daemon [_thread_blocked, id=16675, stack(0x00007f626b6e1000,0x00007f626b7e2000)]
  0x00007f6250206800 JavaThread "Worker-JM" [_thread_blocked, id=16690, stack(0x00007f626acc6000,0x00007f626adc7000)]
  0x00007f62502b9000 JavaThread "Worker-0" [_thread_blocked, id=16705, stack(0x00007f626a9c5000,0x00007f626aac6000)]
  0x00007f622c001800 JavaThread "Worker-1: Initialize Workspace" [_thread_blocked, id=16706, stack(0x00007f626a8c4000,0x00007f626a9c5000)]
  0x00007f6250420800 JavaThread "Java indexing" daemon [_thread_blocked, id=16712, stack(0x00007f626a1be000,0x00007f626a2bf000)]
  0x00007f625052b000 JavaThread "Bundle File Closer" daemon [_thread_blocked, id=16713, stack(0x00007f626a5c3000,0x00007f626a6c4000)]
  0x00007f6238004000 JavaThread "Worker-2" [_thread_blocked, id=17089, stack(0x00007f626bbe6000,0x00007f626bce7000)]
  0x00007f62541b6000 JavaThread "Worker-3" [_thread_blocked, id=17138, stack(0x00007f626bae5000,0x00007f626bbe6000)]
  0x00007f62cc2a3800 JavaThread "pool-2-thread-1" [_thread_blocked, id=17140, stack(0x00007f626b3cf000,0x00007f626b4d0000)]
  0x00007f62cc4a2000 JavaThread "pool-1-thread-1" [_thread_blocked, id=17149, stack(0x00007f626b7e2000,0x00007f626b8e3000)]
  0x00007f6250193800 JavaThread "Equinox resolver thread - Equinox Container: 8854f4d3-7faa-4931-84b7-8e6bb62c0a69" daemon [_thread_blocked, id=17168, stack(0x00007f626a4c2000,0x00007f626a5c3000)]
  0x00007f623c048800 JavaThread "Equinox resolver thread - Equinox Container: 8854f4d3-7faa-4931-84b7-8e6bb62c0a69" daemon [_thread_blocked, id=17170, stack(0x00007f62692b2000,0x00007f62693b3000)]
  0x00007f6244033000 JavaThread "Equinox resolver thread - Equinox Container: 8854f4d3-7faa-4931-84b7-8e6bb62c0a69" daemon [_thread_blocked, id=17173, stack(0x00007f62691b1000,0x00007f62692b2000)]
  0x00007f6280a45000 JavaThread "C2 CompilerThread1" daemon [_thread_blocked, id=17174, stack(0x00007f62690b0000,0x00007f62691b1000)]

Other Threads:
=>0x00007f62cc11f800 VMThread "VM Thread" [stack: 0x00007f62b00f7000,0x00007f62b01f7000] [id=16620]
  0x00007f62cc184000 WatcherThread [stack: 0x00007f62a03b1000,0x00007f62a04b1000] [id=16630]
  0x00007f62cc028800 GCTaskThread "GC Thread#0" [stack: 0x00007f62b350b000,0x00007f62b360b000] [id=16612]
  0x00007f628c001000 GCTaskThread "GC Thread#1" [stack: 0x00007f626bce9000,0x00007f626bde9000] [id=16666]
  0x00007f628c007000 GCTaskThread "GC Thread#2" [stack: 0x00007f626b2cf000,0x00007f626b3cf000] [id=16677]
  0x00007f628c008800 GCTaskThread "GC Thread#3" [stack: 0x00007f626b1cd000,0x00007f626b2cd000] [id=16678]
  0x00007f62cc044800 ConcurrentGCThread "G1 Main Marker" [stack: 0x00007f62b0a05000,0x00007f62b0b05000] [id=16614]
  0x00007f62cc046000 ConcurrentGCThread "G1 Conc#0" [stack: 0x00007f62b0903000,0x00007f62b0a03000] [id=16615]
  0x00007f62cc086800 ConcurrentGCThread "G1 Refine#0" [stack: 0x00007f62b03fd000,0x00007f62b04fd000] [id=16616]
  0x00007f629c001000 ConcurrentGCThread "G1 Refine#1" [stack: 0x00007f626b0cb000,0x00007f626b1cb000] [id=16679]
  0x00007f6238001000 ConcurrentGCThread "G1 Refine#2" [stack: 0x00007f626afc9000,0x00007f626b0c9000] [id=16680]
  0x00007f62cc088800 ConcurrentGCThread "G1 Young RemSet Sampling" [stack: 0x00007f62b02fb000,0x00007f62b03fb000] [id=16617]
  0x00007f62cc08f800 ConcurrentGCThread "StrDedup" [stack: 0x00007f62b01f9000,0x00007f62b02f9000] [id=16618]

Threads with active compile tasks:
C2 CompilerThread04286       4       org.apache.felix.resolver.ResolverImpl$Packages$2::compute (9 bytes)
C1 CompilerThread04289       3       org.eclipse.osgi.framework.util.FilePath::<init> (10 bytes)
C2 CompilerThread14285       4       java.util.Arrays$ArrayItr::hasNext (18 bytes)

VM state:at safepoint (normal execution)

VM Mutex/Monitor currently owned by a thread:  ([mutex/lock_event])
[0x00007f62cc00eaa0] Threads_lock - owner thread: 0x00007f62cc11f800
[0x00007f62cc00f1f0] Heap_lock - owner thread: 0x00007f6244033000

Heap address: 0x00000000c0000000, size: 1024 MB, Compressed Oops mode: 32-bit
Narrow klass base: 0x0000000800000000, Narrow klass shift: 3
Compressed class space size: 1073741824 Address: 0x0000000840000000

Heap:
 garbage-first heap   total 243712K, used 30958K [0x00000000c0000000, 0x0000000100000000)
  region size 1024K, 1 young (1024K), 1 survivors (1024K)
 Metaspace       used 31996K, capacity 33992K, committed 34432K, reserved 1079296K
  class space    used 3385K, capacity 4114K, committed 4224K, reserved 1048576K
Heap Regions: E=young(eden), S=young(survivor), O=old, HS=humongous(starts), HC=humongous(continues), CS=collection set, F=free, A=archive, TAMS=top-at-mark-start (previous, next)
|   0|0x00000000c0000000, 0x00000000c0100000, 0x00000000c0100000|100%| O|  |TAMS 0x00000000c0100000, 0x00000000c0000000| Untracked 
|   1|0x00000000c0100000, 0x00000000c0200000, 0x00000000c0200000|100%| O|  |TAMS 0x00000000c0200000, 0x00000000c0100000| Untracked 
|   2|0x00000000c0200000, 0x00000000c0300000, 0x00000000c0300000|100%| O|  |TAMS 0x00000000c0200000, 0x00000000c0200000| Untracked 
|   3|0x00000000c0300000, 0x00000000c0400000, 0x00000000c0400000|100%| O|  |TAMS 0x00000000c0400000, 0x00000000c0300000| Untracked 
|   4|0x00000000c0400000, 0x00000000c0500000, 0x00000000c0500000|100%| O|  |TAMS 0x00000000c0500000, 0x00000000c0400000| Untracked 
|   5|0x00000000c0500000, 0x00000000c0600000, 0x00000000c0600000|100%| O|  |TAMS 0x00000000c0600000, 0x00000000c0500000| Untracked 
|   6|0x00000000c0600000, 0x00000000c0700000, 0x00000000c0700000|100%| O|  |TAMS 0x00000000c0700000, 0x00000000c0600000| Untracked 
|   7|0x00000000c0700000, 0x00000000c0800000, 0x00000000c0800000|100%| O|  |TAMS 0x00000000c0800000, 0x00000000c0700000| Untracked 
|   8|0x00000000c0800000, 0x00000000c0900000, 0x00000000c0900000|100%| O|  |TAMS 0x00000000c0900000, 0x00000000c0800000| Untracked 
|   9|0x00000000c0900000, 0x00000000c0a00000, 0x00000000c0a00000|100%| O|  |TAMS 0x00000000c0a00000, 0x00000000c0900000| Untracked 
|  10|0x00000000c0a00000, 0x00000000c0b00000, 0x00000000c0b00000|100%| O|  |TAMS 0x00000000c0b00000, 0x00000000c0a00000| Untracked 
|  11|0x00000000c0b00000, 0x00000000c0c00000, 0x00000000c0c00000|100%| O|  |TAMS 0x00000000c0b0b400, 0x00000000c0b00000| Untracked 
|  12|0x00000000c0c00000, 0x00000000c0d00000, 0x00000000c0d00000|100%| O|  |TAMS 0x00000000c0c00000, 0x00000000c0c00000| Untracked 
|  13|0x00000000c0d00000, 0x00000000c0e00000, 0x00000000c0e00000|100%| O|  |TAMS 0x00000000c0d00000, 0x00000000c0d00000| Untracked 
|  14|0x00000000c0e00000, 0x00000000c0f00000, 0x00000000c0f00000|100%| O|  |TAMS 0x00000000c0e00000, 0x00000000c0e00000| Untracked 
|  15|0x00000000c0f00000, 0x00000000c1000000, 0x00000000c1000000|100%| O|  |TAMS 0x00000000c0f00000, 0x00000000c0f00000| Untracked 
|  16|0x00000000c1000000, 0x00000000c1100000, 0x00000000c1100000|100%| O|  |TAMS 0x00000000c1000000, 0x00000000c1000000| Untracked 
|  17|0x00000000c1100000, 0x00000000c1200000, 0x00000000c1200000|100%| O|  |TAMS 0x00000000c1100000, 0x00000000c1100000| Untracked 
|  18|0x00000000c1200000, 0x00000000c1300000, 0x00000000c1300000|100%| O|  |TAMS 0x00000000c1200000, 0x00000000c1200000| Untracked 
|  19|0x00000000c1300000, 0x00000000c1400000, 0x00000000c1400000|100%| O|  |TAMS 0x00000000c1300000, 0x00000000c1300000| Untracked 
|  20|0x00000000c1400000, 0x00000000c1500000, 0x00000000c1500000|100%| O|  |TAMS 0x00000000c1400000, 0x00000000c1400000| Untracked 
|  21|0x00000000c1500000, 0x00000000c1600000, 0x00000000c1600000|100%| O|  |TAMS 0x00000000c1500000, 0x00000000c1500000| Untracked 
|  22|0x00000000c1600000, 0x00000000c1700000, 0x00000000c1700000|100%| O|  |TAMS 0x00000000c1600000, 0x00000000c1600000| Untracked 
|  23|0x00000000c1700000, 0x00000000c1800000, 0x00000000c1800000|100%| O|  |TAMS 0x00000000c1700000, 0x00000000c1700000| Untracked 
|  24|0x00000000c1800000, 0x00000000c1900000, 0x00000000c1900000|100%| O|  |TAMS 0x00000000c1800000, 0x00000000c1800000| Untracked 
|  25|0x00000000c1900000, 0x00000000c1a00000, 0x00000000c1a00000|100%| O|  |TAMS 0x00000000c1900000, 0x00000000c1900000| Untracked 
|  26|0x00000000c1a00000, 0x00000000c1b00000, 0x00000000c1b00000|100%| O|  |TAMS 0x00000000c1a00000, 0x00000000c1a00000| Untracked 
|  27|0x00000000c1b00000, 0x00000000c1c00000, 0x00000000c1c00000|100%| O|  |TAMS 0x00000000c1b00000, 0x00000000c1b00000| Untracked 
|  28|0x00000000c1c00000, 0x00000000c1c9da00, 0x00000000c1d00000| 61%| O|  |TAMS 0x00000000c1c00000, 0x00000000c1c00000| Untracked 
|  29|0x00000000c1d00000, 0x00000000c1d00000, 0x00000000c1e00000|  0%| F|  |TAMS 0x00000000c1d00000, 0x00000000c1d00000| Untracked 
|  30|0x00000000c1e00000, 0x00000000c1e00000, 0x00000000c1f00000|  0%| F|  |TAMS 0x00000000c1e00000, 0x00000000c1e00000| Untracked 
|  31|0x00000000c1f00000, 0x00000000c1f00000, 0x00000000c2000000|  0%| F|  |TAMS 0x00000000c1f00000, 0x00000000c1f00000| Untracked 
|  32|0x00000000c2000000, 0x00000000c2000000, 0x00000000c2100000|  0%| F|  |TAMS 0x00000000c2000000, 0x00000000c2000000| Untracked 
|  33|0x00000000c2100000, 0x00000000c2100000, 0x00000000c2200000|  0%| F|  |TAMS 0x00000000c2100000, 0x00000000c2100000| Untracked 
|  34|0x00000000c2200000, 0x00000000c2200000, 0x00000000c2300000|  0%| F|  |TAMS 0x00000000c2200000, 0x00000000c2200000| Untracked 
|  35|0x00000000c2300000, 0x00000000c2300000, 0x00000000c2400000|  0%| F|  |TAMS 0x00000000c2300000, 0x00000000c2300000| Untracked 
|  36|0x00000000c2400000, 0x00000000c2400000, 0x00000000c2500000|  0%| F|  |TAMS 0x00000000c2400000, 0x00000000c2400000| Untracked 
|  37|0x00000000c2500000, 0x00000000c2500000, 0x00000000c2600000|  0%| F|  |TAMS 0x00000000c2500000, 0x00000000c2500000| Untracked 
|  38|0x00000000c2600000, 0x00000000c2600000, 0x00000000c2700000|  0%| F|  |TAMS 0x00000000c2600000, 0x00000000c2600000| Untracked 
|  39|0x00000000c2700000, 0x00000000c2700000, 0x00000000c2800000|  0%| F|  |TAMS 0x00000000c2700000, 0x00000000c2700000| Untracked 
|  40|0x00000000c2800000, 0x00000000c2800000, 0x00000000c2900000|  0%| F|  |TAMS 0x00000000c2800000, 0x00000000c2800000| Untracked 
|  41|0x00000000c2900000, 0x00000000c2900000, 0x00000000c2a00000|  0%| F|  |TAMS 0x00000000c2900000, 0x00000000c2900000| Untracked 
|  42|0x00000000c2a00000, 0x00000000c2a00000, 0x00000000c2b00000|  0%| F|  |TAMS 0x00000000c2a00000, 0x00000000c2a00000| Untracked 
|  43|0x00000000c2b00000, 0x00000000c2b00000, 0x00000000c2c00000|  0%| F|  |TAMS 0x00000000c2b00000, 0x00000000c2b00000| Untracked 
|  44|0x00000000c2c00000, 0x00000000c2c00000, 0x00000000c2d00000|  0%| F|  |TAMS 0x00000000c2c00000, 0x00000000c2c00000| Untracked 
|  45|0x00000000c2d00000, 0x00000000c2d00000, 0x00000000c2e00000|  0%| F|  |TAMS 0x00000000c2d00000, 0x00000000c2d00000| Untracked 
|  46|0x00000000c2e00000, 0x00000000c2e00000, 0x00000000c2f00000|  0%| F|  |TAMS 0x00000000c2e00000, 0x00000000c2e00000| Untracked 
|  47|0x00000000c2f00000, 0x00000000c2f00000, 0x00000000c3000000|  0%| F|  |TAMS 0x00000000c2f00000, 0x00000000c2f00000| Untracked 
|  48|0x00000000c3000000, 0x00000000c3000000, 0x00000000c3100000|  0%| F|  |TAMS 0x00000000c3000000, 0x00000000c3000000| Untracked 
|  49|0x00000000c3100000, 0x00000000c3100000, 0x00000000c3200000|  0%| F|  |TAMS 0x00000000c3100000, 0x00000000c3100000| Untracked 
|  50|0x00000000c3200000, 0x00000000c3200000, 0x00000000c3300000|  0%| F|  |TAMS 0x00000000c3200000, 0x00000000c3200000| Untracked 
|  51|0x00000000c3300000, 0x00000000c3300000, 0x00000000c3400000|  0%| F|  |TAMS 0x00000000c3300000, 0x00000000c3300000| Untracked 
|  52|0x00000000c3400000, 0x00000000c3400000, 0x00000000c3500000|  0%| F|  |TAMS 0x00000000c3400000, 0x00000000c3400000| Untracked 
|  53|0x00000000c3500000, 0x00000000c3500000, 0x00000000c3600000|  0%| F|  |TAMS 0x00000000c3500000, 0x00000000c3500000| Untracked 
|  54|0x00000000c3600000, 0x00000000c3600000, 0x00000000c3700000|  0%| F|  |TAMS 0x00000000c3600000, 0x00000000c3600000| Untracked 
|  55|0x00000000c3700000, 0x00000000c3700000, 0x00000000c3800000|  0%| F|  |TAMS 0x00000000c3700000, 0x00000000c3700000| Untracked 
|  56|0x00000000c3800000, 0x00000000c3800000, 0x00000000c3900000|  0%| F|  |TAMS 0x00000000c3800000, 0x00000000c3800000| Untracked 
|  57|0x00000000c3900000, 0x00000000c3900000, 0x00000000c3a00000|  0%| F|  |TAMS 0x00000000c3900000, 0x00000000c3900000| Untracked 
|  58|0x00000000c3a00000, 0x00000000c3a00000, 0x00000000c3b00000|  0%| F|  |TAMS 0x00000000c3a00000, 0x00000000c3a00000| Untracked 
|  59|0x00000000c3b00000, 0x00000000c3b00000, 0x00000000c3c00000|  0%| F|  |TAMS 0x00000000c3b00000, 0x00000000c3b00000| Untracked 
|  60|0x00000000c3c00000, 0x00000000c3c00000, 0x00000000c3d00000|  0%| F|  |TAMS 0x00000000c3c00000, 0x00000000c3c00000| Untracked 
|  61|0x00000000c3d00000, 0x00000000c3d00000, 0x00000000c3e00000|  0%| F|  |TAMS 0x00000000c3d00000, 0x00000000c3d00000| Untracked 
|  62|0x00000000c3e00000, 0x00000000c3e00000, 0x00000000c3f00000|  0%| F|  |TAMS 0x00000000c3e00000, 0x00000000c3e00000| Untracked 
|  63|0x00000000c3f00000, 0x00000000c3f00000, 0x00000000c4000000|  0%| F|  |TAMS 0x00000000c3f00000, 0x00000000c3f00000| Untracked 
|  64|0x00000000c4000000, 0x00000000c4000000, 0x00000000c4100000|  0%| F|  |TAMS 0x00000000c4000000, 0x00000000c4000000| Untracked 
|  65|0x00000000c4100000, 0x00000000c4100000, 0x00000000c4200000|  0%| F|  |TAMS 0x00000000c4100000, 0x00000000c4100000| Untracked 
|  66|0x00000000c4200000, 0x00000000c4200000, 0x00000000c4300000|  0%| F|  |TAMS 0x00000000c4200000, 0x00000000c4200000| Untracked 
|  67|0x00000000c4300000, 0x00000000c4300000, 0x00000000c4400000|  0%| F|  |TAMS 0x00000000c4300000, 0x00000000c4300000| Untracked 
|  68|0x00000000c4400000, 0x00000000c4400000, 0x00000000c4500000|  0%| F|  |TAMS 0x00000000c4400000, 0x00000000c4400000| Untracked 
|  69|0x00000000c4500000, 0x00000000c4500000, 0x00000000c4600000|  0%| F|  |TAMS 0x00000000c4500000, 0x00000000c4500000| Untracked 
|  70|0x00000000c4600000, 0x00000000c4600000, 0x00000000c4700000|  0%| F|  |TAMS 0x00000000c4600000, 0x00000000c4600000| Untracked 
|  71|0x00000000c4700000, 0x00000000c4700000, 0x00000000c4800000|  0%| F|  |TAMS 0x00000000c4700000, 0x00000000c4700000| Untracked 
|  72|0x00000000c4800000, 0x00000000c4800000, 0x00000000c4900000|  0%| F|  |TAMS 0x00000000c4800000, 0x00000000c4800000| Untracked 
|  73|0x00000000c4900000, 0x00000000c4900000, 0x00000000c4a00000|  0%| F|  |TAMS 0x00000000c4900000, 0x00000000c4900000| Untracked 
|  74|0x00000000c4a00000, 0x00000000c4a00000, 0x00000000c4b00000|  0%| F|  |TAMS 0x00000000c4a00000, 0x00000000c4a00000| Untracked 
|  75|0x00000000c4b00000, 0x00000000c4b00000, 0x00000000c4c00000|  0%| F|  |TAMS 0x00000000c4b00000, 0x00000000c4b00000| Untracked 
|  76|0x00000000c4c00000, 0x00000000c4c00000, 0x00000000c4d00000|  0%| F|  |TAMS 0x00000000c4c00000, 0x00000000c4c00000| Untracked 
|  77|0x00000000c4d00000, 0x00000000c4d00000, 0x00000000c4e00000|  0%| F|  |TAMS 0x00000000c4d00000, 0x00000000c4d00000| Untracked 
|  78|0x00000000c4e00000, 0x00000000c4e00000, 0x00000000c4f00000|  0%| F|  |TAMS 0x00000000c4e00000, 0x00000000c4e00000| Untracked 
|  79|0x00000000c4f00000, 0x00000000c4f00000, 0x00000000c5000000|  0%| F|  |TAMS 0x00000000c4f00000, 0x00000000c4f00000| Untracked 
|  80|0x00000000c5000000, 0x00000000c5000000, 0x00000000c5100000|  0%| F|  |TAMS 0x00000000c5000000, 0x00000000c5000000| Untracked 
|  81|0x00000000c5100000, 0x00000000c5100000, 0x00000000c5200000|  0%| F|  |TAMS 0x00000000c5100000, 0x00000000c5100000| Untracked 
|  82|0x00000000c5200000, 0x00000000c5200000, 0x00000000c5300000|  0%| F|  |TAMS 0x00000000c5200000, 0x00000000c5200000| Untracked 
|  83|0x00000000c5300000, 0x00000000c5300000, 0x00000000c5400000|  0%| F|  |TAMS 0x00000000c5300000, 0x00000000c5300000| Untracked 
|  84|0x00000000c5400000, 0x00000000c5400000, 0x00000000c5500000|  0%| F|  |TAMS 0x00000000c5400000, 0x00000000c5400000| Untracked 
|  85|0x00000000c5500000, 0x00000000c5500000, 0x00000000c5600000|  0%| F|  |TAMS 0x00000000c5500000, 0x00000000c5500000| Untracked 
|  86|0x00000000c5600000, 0x00000000c5600000, 0x00000000c5700000|  0%| F|  |TAMS 0x00000000c5600000, 0x00000000c5600000| Untracked 
|  87|0x00000000c5700000, 0x00000000c5700000, 0x00000000c5800000|  0%| F|  |TAMS 0x00000000c5700000, 0x00000000c5700000| Untracked 
|  88|0x00000000c5800000, 0x00000000c5800000, 0x00000000c5900000|  0%| F|  |TAMS 0x00000000c5800000, 0x00000000c5800000| Untracked 
|  89|0x00000000c5900000, 0x00000000c5900000, 0x00000000c5a00000|  0%| F|  |TAMS 0x00000000c5900000, 0x00000000c5900000| Untracked 
|  90|0x00000000c5a00000, 0x00000000c5a00000, 0x00000000c5b00000|  0%| F|  |TAMS 0x00000000c5a00000, 0x00000000c5a00000| Untracked 
|  91|0x00000000c5b00000, 0x00000000c5b00000, 0x00000000c5c00000|  0%| F|  |TAMS 0x00000000c5b00000, 0x00000000c5b00000| Untracked 
|  92|0x00000000c5c00000, 0x00000000c5c00000, 0x00000000c5d00000|  0%| F|  |TAMS 0x00000000c5c00000, 0x00000000c5c00000| Untracked 
|  93|0x00000000c5d00000, 0x00000000c5d00000, 0x00000000c5e00000|  0%| F|  |TAMS 0x00000000c5d00000, 0x00000000c5d00000| Untracked 
|  94|0x00000000c5e00000, 0x00000000c5e00000, 0x00000000c5f00000|  0%| F|  |TAMS 0x00000000c5e00000, 0x00000000c5e00000| Untracked 
|  95|0x00000000c5f00000, 0x00000000c5f00000, 0x00000000c6000000|  0%| F|  |TAMS 0x00000000c5f00000, 0x00000000c5f00000| Untracked 
|  96|0x00000000c6000000, 0x00000000c6000000, 0x00000000c6100000|  0%| F|  |TAMS 0x00000000c6000000, 0x00000000c6000000| Untracked 
|  97|0x00000000c6100000, 0x00000000c6100000, 0x00000000c6200000|  0%| F|  |TAMS 0x00000000c6100000, 0x00000000c6100000| Untracked 
|  98|0x00000000c6200000, 0x00000000c6200000, 0x00000000c6300000|  0%| F|  |TAMS 0x00000000c6200000, 0x00000000c6200000| Untracked 
|  99|0x00000000c6300000, 0x00000000c6300000, 0x00000000c6400000|  0%| F|  |TAMS 0x00000000c6300000, 0x00000000c6300000| Untracked 
| 100|0x00000000c6400000, 0x00000000c6400000, 0x00000000c6500000|  0%| F|  |TAMS 0x00000000c6400000, 0x00000000c6400000| Untracked 
| 101|0x00000000c6500000, 0x00000000c6500000, 0x00000000c6600000|  0%| F|  |TAMS 0x00000000c6500000, 0x00000000c6500000| Untracked 
| 102|0x00000000c6600000, 0x00000000c6600000, 0x00000000c6700000|  0%| F|  |TAMS 0x00000000c6600000, 0x00000000c6600000| Untracked 
| 103|0x00000000c6700000, 0x00000000c6700000, 0x00000000c6800000|  0%| F|  |TAMS 0x00000000c6700000, 0x00000000c6700000| Untracked 
| 104|0x00000000c6800000, 0x00000000c6800000, 0x00000000c6900000|  0%| F|  |TAMS 0x00000000c6800000, 0x00000000c6800000| Untracked 
| 105|0x00000000c6900000, 0x00000000c6900000, 0x00000000c6a00000|  0%| F|  |TAMS 0x00000000c6900000, 0x00000000c6900000| Untracked 
| 106|0x00000000c6a00000, 0x00000000c6a00000, 0x00000000c6b00000|  0%| F|  |TAMS 0x00000000c6a00000, 0x00000000c6a00000| Untracked 
| 107|0x00000000c6b00000, 0x00000000c6b00000, 0x00000000c6c00000|  0%| F|  |TAMS 0x00000000c6b00000, 0x00000000c6b00000| Untracked 
| 108|0x00000000c6c00000, 0x00000000c6c00000, 0x00000000c6d00000|  0%| F|  |TAMS 0x00000000c6c00000, 0x00000000c6c00000| Untracked 
| 109|0x00000000c6d00000, 0x00000000c6d00000, 0x00000000c6e00000|  0%| F|  |TAMS 0x00000000c6d00000, 0x00000000c6d00000| Untracked 
| 110|0x00000000c6e00000, 0x00000000c6e00000, 0x00000000c6f00000|  0%| F|  |TAMS 0x00000000c6e00000, 0x00000000c6e00000| Untracked 
| 111|0x00000000c6f00000, 0x00000000c7000000, 0x00000000c7000000|100%| S|CS|TAMS 0x00000000c6f00000, 0x00000000c6f00000| Complete 
| 112|0x00000000c7000000, 0x00000000c7000000, 0x00000000c7100000|  0%| F|  |TAMS 0x00000000c7000000, 0x00000000c7000000| Untracked 
| 113|0x00000000c7100000, 0x00000000c7100000, 0x00000000c7200000|  0%| F|  |TAMS 0x00000000c7100000, 0x00000000c7100000| Untracked 
| 114|0x00000000c7200000, 0x00000000c7200000, 0x00000000c7300000|  0%| F|  |TAMS 0x00000000c7200000, 0x00000000c7200000| Untracked 
| 115|0x00000000c7300000, 0x00000000c7300000, 0x00000000c7400000|  0%| F|  |TAMS 0x00000000c7300000, 0x00000000c7300000| Untracked 
| 116|0x00000000c7400000, 0x00000000c7400000, 0x00000000c7500000|  0%| F|  |TAMS 0x00000000c7400000, 0x00000000c7400000| Untracked 
|1022|0x00000000ffe00000, 0x00000000ffe34000, 0x00000000fff00000| 20%|OA|  |TAMS 0x00000000ffe34000, 0x00000000ffe00000| Untracked 
|1023|0x00000000fff00000, 0x00000000fff6a000, 0x0000000100000000| 41%|CA|  |TAMS 0x00000000fff6a000, 0x00000000fff00000| Untracked 

Card table byte_map: [0x00007f62b2d05000,0x00007f62b2f05000] _byte_map_base: 0x00007f62b2705000

Marking Bits (Prev, Next): (CMBitMap*) 0x00007f62cc03f7f0, (CMBitMap*) 0x00007f62cc03f7b8
 Prev Bits: [0x00007f62b0b05000, 0x00007f62b1b05000)
 Next Bits: [0x00007f62b1b05000, 0x00007f62b2b05000)

Polling page: 0x00007f62d2d30000

Metaspace:

Usage:
  Non-class:     29,18 MB capacity,    27,94 MB ( 96%) used,     1,18 MB (  4%) free+waste,    62,12 KB ( <1%) overhead. 
      Class:      4,02 MB capacity,     3,31 MB ( 82%) used,   697,30 KB ( 17%) free+waste,    31,31 KB ( <1%) overhead. 
       Both:     33,20 MB capacity,    31,25 MB ( 94%) used,     1,86 MB (  6%) free+waste,    93,44 KB ( <1%) overhead. 

Virtual space:
  Non-class space:       30,00 MB reserved,      29,50 MB ( 98%) committed 
      Class space:        1,00 GB reserved,       4,12 MB ( <1%) committed 
             Both:        1,03 GB reserved,      33,62 MB (  3%) committed 

Chunk freelists:
   Non-Class:  15,75 KB
       Class:  1,75 KB
        Both:  17,50 KB

CodeHeap 'non-profiled nmethods': size=120032Kb used=1957Kb max_used=1957Kb free=118075Kb
 bounds [0x00007f62bb1be000, 0x00007f62bb42e000, 0x00007f62c26f6000]
CodeHeap 'profiled nmethods': size=120032Kb used=8659Kb max_used=9390Kb free=111372Kb
 bounds [0x00007f62b3c86000, 0x00007f62b45c6000, 0x00007f62bb1be000]
CodeHeap 'non-nmethods': size=5696Kb used=1203Kb max_used=1261Kb free=4492Kb
 bounds [0x00007f62b36f6000, 0x00007f62b3966000, 0x00007f62b3c86000]
 total_blobs=5770 nmethods=3710 adapters=479
 compilation: enabled
              stopped_count=0, restarted_count=0
 full_count=0

Compilation events (10 events):
Event: 86,629 Thread 0x00007f62cc12f800 nmethod 4274 0x00007f62b3de8410 code [0x00007f62b3de8620, 0x00007f62b3de8c38]
Event: 86,660 Thread 0x00007f62cc12d800 nmethod 4265 0x00007f62bb271d10 code [0x00007f62bb271ea0, 0x00007f62bb2720f8]
Event: 86,661 Thread 0x00007f62cc12d800 4281       4       org.apache.felix.resolver.util.OpenHashMap::getOrCompute (253 bytes)
Event: 86,853 Thread 0x00007f6280a45000 nmethod 4250 0x00007f62bb39ec10 code [0x00007f62bb39f2a0, 0x00007f62bb3a60a8]
Event: 86,854 Thread 0x00007f6280a45000 4237       4       java.util.concurrent.ConcurrentHashMap$BaseIterator::hasNext (13 bytes)
Event: 86,856 Thread 0x00007f6280a45000 nmethod 4237 0x00007f62bb271a90 code [0x00007f62bb271c20, 0x00007f62bb271c98]
Event: 89,769 Thread 0x00007f6280a45000 4285       4       java.util.Arrays$ArrayItr::hasNext (18 bytes)
Event: 89,795 Thread 0x00007f62cc12d800 nmethod 4281 0x00007f62bb3aa410 code [0x00007f62bb3aa6c0, 0x00007f62bb3ac5b8]
Event: 89,795 Thread 0x00007f62cc12f800 4289       3       org.eclipse.osgi.framework.util.FilePath::<init> (10 bytes)
Event: 90,144 Thread 0x00007f62cc12d800 4286       4       org.apache.felix.resolver.ResolverImpl$Packages$2::compute (9 bytes)

GC Heap History (10 events):
Event: 58,413 GC heap after
{Heap after GC invocations=11 (full 0):
 garbage-first heap   total 121856K, used 21826K [0x00000000c0000000, 0x0000000100000000)
  region size 1024K, 2 young (2048K), 2 survivors (2048K)
 Metaspace       used 27475K, capacity 29039K, committed 29312K, reserved 1075200K
  class space    used 2854K, capacity 3372K, committed 3456K, reserved 1048576K
}
Event: 69,090 GC heap before
{Heap before GC invocations=11 (full 0):
 garbage-first heap   total 121856K, used 31042K [0x00000000c0000000, 0x0000000100000000)
  region size 1024K, 11 young (11264K), 2 survivors (2048K)
 Metaspace       used 30057K, capacity 31946K, committed 32256K, reserved 1077248K
  class space    used 3157K, capacity 3794K, committed 3840K, reserved 1048576K
}
Event: 70,801 GC heap after
{Heap after GC invocations=12 (full 0):
 garbage-first heap   total 121856K, used 22933K [0x00000000c0000000, 0x0000000100000000)
  region size 1024K, 2 young (2048K), 2 survivors (2048K)
 Metaspace       used 30057K, capacity 31946K, committed 32256K, reserved 1077248K
  class space    used 3157K, capacity 3794K, committed 3840K, reserved 1048576K
}
Event: 73,543 GC heap before
{Heap before GC invocations=12 (full 0):
 garbage-first heap   total 121856K, used 24981K [0x00000000c0000000, 0x0000000100000000)
  region size 1024K, 5 young (5120K), 2 survivors (2048K)
 Metaspace       used 31141K, capacity 33138K, committed 33536K, reserved 1079296K
  class space    used 3292K, capacity 4004K, committed 4096K, reserved 1048576K
}
Event: 73,550 GC heap after
{Heap after GC invocations=13 (full 0):
 garbage-first heap   total 121856K, used 23138K [0x00000000c0000000, 0x0000000100000000)
  region size 1024K, 1 young (1024K), 1 survivors (1024K)
 Metaspace       used 31141K, capacity 33138K, committed 33536K, reserved 1079296K
  class space    used 3292K, capacity 4004K, committed 4096K, reserved 1048576K
}
Event: 78,687 GC heap before
{Heap before GC invocations=13 (full 0):
 garbage-first heap   total 121856K, used 31330K [0x00000000c0000000, 0x0000000100000000)
  region size 1024K, 9 young (9216K), 1 survivors (1024K)
 Metaspace       used 31905K, capacity 33887K, committed 34048K, reserved 1079296K
  class space    used 3376K, capacity 4075K, committed 4096K, reserved 1048576K
}
Event: 79,081 GC heap after
{Heap after GC invocations=14 (full 0):
 garbage-first heap   total 121856K, used 27592K [0x00000000c0000000, 0x0000000100000000)
  region size 1024K, 2 young (2048K), 2 survivors (2048K)
 Metaspace       used 31905K, capacity 33887K, committed 34048K, reserved 1079296K
  class space    used 3376K, capacity 4075K, committed 4096K, reserved 1048576K
}
Event: 87,092 GC heap before
{Heap before GC invocations=14 (full 0):
 garbage-first heap   total 121856K, used 29640K [0x00000000c0000000, 0x0000000100000000)
  region size 1024K, 5 young (5120K), 2 survivors (2048K)
 Metaspace       used 31982K, capacity 33928K, committed 34176K, reserved 1079296K
  class space    used 3384K, capacity 4114K, committed 4224K, reserved 1048576K
}
Event: 88,131 GC heap after
{Heap after GC invocations=15 (full 0):
 garbage-first heap   total 121856K, used 27792K [0x00000000c0000000, 0x0000000100000000)
  region size 1024K, 1 young (1024K), 1 survivors (1024K)
 Metaspace       used 31982K, capacity 33928K, committed 34176K, reserved 1079296K
  class space    used 3384K, capacity 4114K, committed 4224K, reserved 1048576K
}
Event: 90,446 GC heap before
{Heap before GC invocations=15 (full 0):
 garbage-first heap   total 121856K, used 31888K [0x00000000c0000000, 0x0000000100000000)
  region size 1024K, 5 young (5120K), 1 survivors (1024K)
 Metaspace       used 31996K, capacity 33992K, committed 34432K, reserved 1079296K
  class space    used 3385K, capacity 4114K, committed 4224K, reserved 1048576K
}

Deoptimization events (10 events):
Event: 76,732 Thread 0x00007f62cc2ca000 Uncommon trap: reason=class_check action=maybe_recompile pc=0x00007f62bb365ca0 method=java.util.Collections$UnmodifiableCollection.isEmpty()Z @ 4 c2
Event: 76,732 Thread 0x00007f62cc4a2000 Uncommon trap: reason=class_check action=maybe_recompile pc=0x00007f62bb365ca0 method=java.util.Collections$UnmodifiableCollection.isEmpty()Z @ 4 c2
Event: 76,732 Thread 0x00007f62cc2ca000 Uncommon trap: reason=class_check action=maybe_recompile pc=0x00007f62bb365ca0 method=java.util.Collections$UnmodifiableCollection.isEmpty()Z @ 4 c2
Event: 76,732 Thread 0x00007f62cc4a2000 Uncommon trap: reason=class_check action=maybe_recompile pc=0x00007f62bb365ca0 method=java.util.Collections$UnmodifiableCollection.isEmpty()Z @ 4 c2
Event: 76,892 Thread 0x00007f62cc2ca000 Uncommon trap: reason=unstable_if action=reinterpret pc=0x00007f62bb283e68 method=java.util.concurrent.locks.ReentrantLock$Sync.nonfairTryAcquire(I)Z @ 19 c2
Event: 76,936 Thread 0x00007f62cc4a2000 Uncommon trap: reason=profile_predicate action=maybe_recompile pc=0x00007f62bb23dcd0 method=org.apache.felix.resolver.util.OpenHashMap.getOrCompute(Ljava/lang/Object;)Ljava/lang/Object; @ 108 c2
Event: 76,936 Thread 0x00007f62cc2ca000 Uncommon trap: reason=profile_predicate action=maybe_recompile pc=0x00007f62bb23dcd0 method=org.apache.felix.resolver.util.OpenHashMap.getOrCompute(Ljava/lang/Object;)Ljava/lang/Object; @ 108 c2
Event: 86,138 Thread 0x00007f622c001800 Uncommon trap: reason=unstable_if action=reinterpret pc=0x00007f62bb30ea38 method=org.eclipse.osgi.internal.loader.classpath.ClasspathManager.findLocalClassImpl(Ljava/lang/String;Ljava/util/List;)Ljava/lang/Class; @ 127 c2
Event: 86,448 Thread 0x00007f62cc4a2000 Uncommon trap: reason=profile_predicate action=maybe_recompile pc=0x00007f62bb23dcd0 method=org.apache.felix.resolver.util.OpenHashMap.getOrCompute(Ljava/lang/Object;)Ljava/lang/Object; @ 108 c2
Event: 86,448 Thread 0x00007f62cc2ca000 Uncommon trap: reason=profile_predicate action=maybe_recompile pc=0x00007f62bb23dcd0 method=org.apache.felix.resolver.util.OpenHashMap.getOrCompute(Ljava/lang/Object;)Ljava/lang/Object; @ 108 c2

Classes redefined (0 events):
No events

Internal exceptions (10 events):
Event: 17,127 Thread 0x00007f62cc2ca000 Exception <a 'java/lang/NoClassDefFoundError'{0x00000000c3e2c2b8}: javax/annotation/Priority> (0x00000000c3e2c2b8) thrown at [/build/openjdk-lts-aMvVsb/openjdk-lts-11.0.2+9/src/hotspot/share/classfile/systemDictionary.cpp, line 220]
Event: 35,319 Thread 0x00007f62cc3d4800 Implicit null exception at 0x00007f62bb26edeb to 0x00007f62bb26f51a
Event: 49,819 Thread 0x00007f62cc2ca000 Exception <a 'java/lang/ClassNotFoundException'{0x00000000c74230b0}: com/sun/org/apache/xml/internal/serializer/spi/XMLEntitiesProvider> (0x00000000c74230b0) thrown at [/build/openjdk-lts-aMvVsb/openjdk-lts-11.0.2+9/src/hotspot/share/classfile/systemDicti
Event: 55,522 Thread 0x00007f62502b9000 Implicit null exception at 0x00007f62bb34e921 to 0x00007f62bb35153e
Event: 55,659 Thread 0x00007f622c001800 Exception <a 'java/io/FileNotFoundException'{0x00000000c6d188f0}> (0x00000000c6d188f0) thrown at [/build/openjdk-lts-aMvVsb/openjdk-lts-11.0.2+9/src/hotspot/share/prims/jni.cpp, line 615]
Event: 66,882 Thread 0x00007f62cc012800 Exception <a 'java/io/FileNotFoundException'{0x00000000c6d04200}> (0x00000000c6d04200) thrown at [/build/openjdk-lts-aMvVsb/openjdk-lts-11.0.2+9/src/hotspot/share/prims/jni.cpp, line 615]
Event: 67,745 Thread 0x00007f62cc012800 Exception <a 'java/lang/NoSuchMethodError'{0x00000000c6dc9448}: java.lang.invoke.DirectMethodHandle$Holder.invokeStatic(Ljava/lang/Object;Ljava/lang/Object;Ljava/lang/Object;Ljava/lang/Object;)V> (0x00000000c6dc9448) thrown at [/build/openjdk-lts-aMvVsb/o
Event: 75,509 Thread 0x00007f622c001800 Implicit null exception at 0x00007f62bb38fd6c to 0x00007f62bb3965d2
Event: 79,755 Thread 0x00007f622c001800 Exception <a 'java/io/FileNotFoundException'{0x00000000c740eab0}> (0x00000000c740eab0) thrown at [/build/openjdk-lts-aMvVsb/openjdk-lts-11.0.2+9/src/hotspot/share/prims/jni.cpp, line 615]
Event: 86,749 Thread 0x00007f622c001800 Exception <a 'java/io/FileNotFoundException'{0x00000000c72087f0}> (0x00000000c72087f0) thrown at [/build/openjdk-lts-aMvVsb/openjdk-lts-11.0.2+9/src/hotspot/share/prims/jni.cpp, line 615]

Events (10 events):
Event: 86,138 Thread 0x00007f622c001800 DEOPT UNPACKING pc=0x00007f62b371ea25 sp=0x00007f626a9be360 mode 2
Event: 86,448 Thread 0x00007f62cc4a2000 Uncommon trap: trap_request=0xffffffbe fr.pc=0x00007f62bb23dcd0 relative=0x0000000000000b70
Event: 86,448 Thread 0x00007f62cc4a2000 DEOPT PACKING pc=0x00007f62bb23dcd0 sp=0x00007f626b8dff30
Event: 86,448 Thread 0x00007f62cc4a2000 DEOPT UNPACKING pc=0x00007f62b371ea25 sp=0x00007f626b8dfef8 mode 2
Event: 86,448 Thread 0x00007f62cc2ca000 Uncommon trap: trap_request=0xffffffbe fr.pc=0x00007f62bb23dcd0 relative=0x0000000000000b70
Event: 86,448 Thread 0x00007f62cc2ca000 DEOPT PACKING pc=0x00007f62bb23dcd0 sp=0x00007f626b9e1d90
Event: 86,448 Thread 0x00007f62cc2ca000 DEOPT UNPACKING pc=0x00007f62b371ea25 sp=0x00007f626b9e1d58 mode 2
Event: 86,934 Executing VM operation: G1CollectForAllocation
Event: 88,828 Executing VM operation: G1CollectForAllocation done
Event: 90,362 Executing VM operation: G1CollectForAllocation


Dynamic libraries:
c0000000-c7500000 rw-p 00000000 00:00 0 
cec00000-ffe00000 ---p 00000000 00:00 0 
ffe00000-ffe34000 rw-p 0111b000 08:05 1056994                            /usr/lib/jvm/java-11-openjdk-amd64/lib/server/classes.jsa
ffe34000-fff00000 rw-p 00000000 00:00 0 
fff00000-fff6a000 rw-p 010b1000 08:05 1056994                            /usr/lib/jvm/java-11-openjdk-amd64/lib/server/classes.jsa
fff6a000-100000000 rw-p 00000000 00:00 0 
800000000-800002000 rwxp 00001000 08:05 1056994                          /usr/lib/jvm/java-11-openjdk-amd64/lib/server/classes.jsa
800002000-8003be000 rw-p 00003000 08:05 1056994                          /usr/lib/jvm/java-11-openjdk-amd64/lib/server/classes.jsa
8003be000-800a9a000 r--p 003bf000 08:05 1056994                          /usr/lib/jvm/java-11-openjdk-amd64/lib/server/classes.jsa
800a9a000-800a9b000 rw-p 00a9b000 08:05 1056994                          /usr/lib/jvm/java-11-openjdk-amd64/lib/server/classes.jsa
800a9b000-8010b0000 r--p 00a9c000 08:05 1056994                          /usr/lib/jvm/java-11-openjdk-amd64/lib/server/classes.jsa
840000000-840420000 rw-p 00000000 00:00 0 
840420000-880000000 ---p 00000000 00:00 0 
55ec02dad000-55ec02dae000 r-xp 00000000 08:05 14302118                   /usr/lib/jvm/java-11-openjdk-amd64/bin/java
55ec02fae000-55ec02faf000 r--p 00001000 08:05 14302118                   /usr/lib/jvm/java-11-openjdk-amd64/bin/java
55ec02faf000-55ec02fb0000 rw-p 00002000 08:05 14302118                   /usr/lib/jvm/java-11-openjdk-amd64/bin/java
55ec0414c000-55ec0416d000 rw-p 00000000 00:00 0                          [heap]
7f622c000000-7f622c030000 rw-p 00000000 00:00 0 
7f622c030000-7f6230000000 ---p 00000000 00:00 0 
7f6234000000-7f6234021000 rw-p 00000000 00:00 0 
7f6234021000-7f6238000000 ---p 00000000 00:00 0 
7f6238000000-7f62380c9000 rw-p 00000000 00:00 0 
7f62380c9000-7f623c000000 ---p 00000000 00:00 0 
7f623c000000-7f623c069000 rw-p 00000000 00:00 0 
7f623c069000-7f6240000000 ---p 00000000 00:00 0 
7f6240000000-7f6240021000 rw-p 00000000 00:00 0 
7f6240021000-7f6244000000 ---p 00000000 00:00 0 
7f6244000000-7f6245144000 rw-p 00000000 00:00 0 
7f6245144000-7f6248000000 ---p 00000000 00:00 0 
7f6248000000-7f624802e000 rw-p 00000000 00:00 0 
7f624802e000-7f624c000000 ---p 00000000 00:00 0 
7f624c000000-7f624c021000 rw-p 00000000 00:00 0 
7f624c021000-7f6250000000 ---p 00000000 00:00 0 
7f6250000000-7f62509f5000 rw-p 00000000 00:00 0 
7f62509f5000-7f6254000000 ---p 00000000 00:00 0 
7f6254000000-7f6254bd5000 rw-p 00000000 00:00 0 
7f6254bd5000-7f6258000000 ---p 00000000 00:00 0 
7f6258000000-7f6258475000 rw-p 00000000 00:00 0 
7f6258475000-7f625c000000 ---p 00000000 00:00 0 
7f625c000000-7f625c2e9000 rw-p 00000000 00:00 0 
7f625c2e9000-7f6260000000 ---p 00000000 00:00 0 
7f6260000000-7f62601ac000 rw-p 00000000 00:00 0 
7f62601ac000-7f6264000000 ---p 00000000 00:00 0 
7f6264000000-7f6264021000 rw-p 00000000 00:00 0 
7f6264021000-7f6268000000 ---p 00000000 00:00 0 
7f62690b0000-7f62690b4000 ---p 00000000 00:00 0 
7f62690b4000-7f62691b1000 rw-p 00000000 00:00 0 
7f62691b1000-7f62691b5000 ---p 00000000 00:00 0 
7f62691b5000-7f62692b2000 rw-p 00000000 00:00 0 
7f62692b2000-7f62692b6000 ---p 00000000 00:00 0 
7f62692b6000-7f6269533000 rw-p 00000000 00:00 0 
7f6269533000-7f62695b3000 ---p 00000000 00:00 0 
7f62695b3000-7f62697b3000 rw-p 00000000 00:00 0 
7f62697b3000-7f62699b3000 rw-p 00000000 00:00 0 
7f62699b3000-7f6269bb3000 rw-p 00000000 00:00 0 
7f6269bb3000-7f6269db3000 rw-p 00000000 00:00 0 
7f6269db3000-7f6269fb3000 rw-p 00000000 00:00 0 
7f6269fbe000-7f626a1be000 rw-p 00000000 00:00 0 
7f626a1be000-7f626a1c2000 ---p 00000000 00:00 0 
7f626a1c2000-7f626a4bf000 rw-p 00000000 00:00 0 
7f626a4c2000-7f626a4c6000 ---p 00000000 00:00 0 
7f626a4c6000-7f626a5c3000 rw-p 00000000 00:00 0 
7f626a5c3000-7f626a5c7000 ---p 00000000 00:00 0 
7f626a5c7000-7f626a8c4000 rw-p 00000000 00:00 0 
7f626a8c4000-7f626a8c8000 ---p 00000000 00:00 0 
7f626a8c8000-7f626a9c5000 rw-p 00000000 00:00 0 
7f626a9c5000-7f626a9c9000 ---p 00000000 00:00 0 
7f626a9c9000-7f626acc6000 rw-p 00000000 00:00 0 
7f626acc6000-7f626acca000 ---p 00000000 00:00 0 
7f626acca000-7f626afc7000 rw-p 00000000 00:00 0 
7f626afc7000-7f626afc8000 ---p 00000000 00:00 0 
7f626afc8000-7f626b0c9000 rw-p 00000000 00:00 0 
7f626b0c9000-7f626b0ca000 ---p 00000000 00:00 0 
7f626b0ca000-7f626b1cb000 rw-p 00000000 00:00 0 
7f626b1cb000-7f626b1cc000 ---p 00000000 00:00 0 
7f626b1cc000-7f626b2cd000 rw-p 00000000 00:00 0 
7f626b2cd000-7f626b2ce000 ---p 00000000 00:00 0 
7f626b2ce000-7f626b3cf000 rw-p 00000000 00:00 0 
7f626b3cf000-7f626b3d3000 ---p 00000000 00:00 0 
7f626b3d3000-7f626b4d0000 rw-p 00000000 00:00 0 
7f626b4d0000-7f626b4e0000 r-xp 00000000 08:05 11036491                   /home/egor/.vscode/extensions/redhat.java-0.44.0/server/config_linux/org.eclipse.equinox.launcher/org.eclipse.equinox.launcher.gtk.linux.x86_64_1.1.1000.v20190125-2016/eclipse_1801.so
7f626b4e0000-7f626b6df000 ---p 00010000 08:05 11036491                   /home/egor/.vscode/extensions/redhat.java-0.44.0/server/config_linux/org.eclipse.equinox.launcher/org.eclipse.equinox.launcher.gtk.linux.x86_64_1.1.1000.v20190125-2016/eclipse_1801.so
7f626b6df000-7f626b6e0000 r--p 0000f000 08:05 11036491                   /home/egor/.vscode/extensions/redhat.java-0.44.0/server/config_linux/org.eclipse.equinox.launcher/org.eclipse.equinox.launcher.gtk.linux.x86_64_1.1.1000.v20190125-2016/eclipse_1801.so
7f626b6e0000-7f626b6e1000 rw-p 00010000 08:05 11036491                   /home/egor/.vscode/extensions/redhat.java-0.44.0/server/config_linux/org.eclipse.equinox.launcher/org.eclipse.equinox.launcher.gtk.linux.x86_64_1.1.1000.v20190125-2016/eclipse_1801.so
7f626b6e1000-7f626b6e5000 ---p 00000000 00:00 0 
7f626b6e5000-7f626b7e2000 rw-p 00000000 00:00 0 
7f626b7e2000-7f626b7e6000 ---p 00000000 00:00 0 
7f626b7e6000-7f626b8e3000 rw-p 00000000 00:00 0 
7f626b8e3000-7f626b8e7000 ---p 00000000 00:00 0 
7f626b8e7000-7f626b9e4000 rw-p 00000000 00:00 0 
7f626b9e4000-7f626b9e8000 ---p 00000000 00:00 0 
7f626b9e8000-7f626bae5000 rw-p 00000000 00:00 0 
7f626bae5000-7f626bae9000 ---p 00000000 00:00 0 
7f626bae9000-7f626bbe6000 rw-p 00000000 00:00 0 
7f626bbe6000-7f626bbea000 ---p 00000000 00:00 0 
7f626bbea000-7f626bce7000 rw-p 00000000 00:00 0 
7f626bce7000-7f626bce8000 ---p 00000000 00:00 0 
7f626bce8000-7f626bde9000 rw-p 00000000 00:00 0 
7f626bde9000-7f626bdff000 r-xp 00000000 08:05 14699209                   /usr/lib/jvm/java-11-openjdk-amd64/lib/libnet.so
7f626bdff000-7f626bffe000 ---p 00016000 08:05 14699209                   /usr/lib/jvm/java-11-openjdk-amd64/lib/libnet.so
7f626bffe000-7f626bfff000 r--p 00015000 08:05 14699209                   /usr/lib/jvm/java-11-openjdk-amd64/lib/libnet.so
7f626bfff000-7f626c000000 rw-p 00016000 08:05 14699209                   /usr/lib/jvm/java-11-openjdk-amd64/lib/libnet.so
7f626c000000-7f626c021000 rw-p 00000000 00:00 0 
7f626c021000-7f6270000000 ---p 00000000 00:00 0 
7f6270000000-7f6270021000 rw-p 00000000 00:00 0 
7f6270021000-7f6274000000 ---p 00000000 00:00 0 
7f6274000000-7f6274099000 rw-p 00000000 00:00 0 
7f6274099000-7f6278000000 ---p 00000000 00:00 0 
7f6278000000-7f6278021000 rw-p 00000000 00:00 0 
7f6278021000-7f627c000000 ---p 00000000 00:00 0 
7f627c000000-7f627e187000 rw-p 00000000 00:00 0 
7f627e187000-7f6280000000 ---p 00000000 00:00 0 
7f6280000000-7f6280ba3000 rw-p 00000000 00:00 0 
7f6280ba3000-7f6284000000 ---p 00000000 00:00 0 
7f6284000000-7f6284021000 rw-p 00000000 00:00 0 
7f6284021000-7f6288000000 ---p 00000000 00:00 0 
7f6288000000-7f6288021000 rw-p 00000000 00:00 0 
7f6288021000-7f628c000000 ---p 00000000 00:00 0 
7f628c000000-7f628c25b000 rw-p 00000000 00:00 0 
7f628c25b000-7f6290000000 ---p 00000000 00:00 0 
7f6290000000-7f6290021000 rw-p 00000000 00:00 0 
7f6290021000-7f6294000000 ---p 00000000 00:00 0 
7f6294000000-7f6294021000 rw-p 00000000 00:00 0 
7f6294021000-7f6298000000 ---p 00000000 00:00 0 
7f6298000000-7f629808f000 rw-p 00000000 00:00 0 
7f629808f000-7f629c000000 ---p 00000000 00:00 0 
7f629c000000-7f629c021000 rw-p 00000000 00:00 0 
7f629c021000-7f62a0000000 ---p 00000000 00:00 0 
7f62a009d000-7f62a00a1000 ---p 00000000 00:00 0 
7f62a00a1000-7f62a019e000 rw-p 00000000 00:00 0 
7f62a019e000-7f62a01ae000 r-xp 00000000 08:05 14699210                   /usr/lib/jvm/java-11-openjdk-amd64/lib/libnio.so
7f62a01ae000-7f62a03ad000 ---p 00010000 08:05 14699210                   /usr/lib/jvm/java-11-openjdk-amd64/lib/libnio.so
7f62a03ad000-7f62a03ae000 r--p 0000f000 08:05 14699210                   /usr/lib/jvm/java-11-openjdk-amd64/lib/libnio.so
7f62a03ae000-7f62a03af000 rw-p 00010000 08:05 14699210                   /usr/lib/jvm/java-11-openjdk-amd64/lib/libnio.so
7f62a03af000-7f62a03b0000 ---p 00000000 00:00 0 
7f62a03b0000-7f62a04b1000 rw-p 00000000 00:00 0 
7f62a04b1000-7f62a04b5000 ---p 00000000 00:00 0 
7f62a04b5000-7f62a05b2000 rw-p 00000000 00:00 0 
7f62a05b2000-7f62a05b6000 ---p 00000000 00:00 0 
7f62a05b6000-7f62a06b3000 rw-p 00000000 00:00 0 
7f62a06b3000-7f62a06b7000 ---p 00000000 00:00 0 
7f62a06b7000-7f62a07b4000 rw-p 00000000 00:00 0 
7f62a07b4000-7f62a07b8000 ---p 00000000 00:00 0 
7f62a07b8000-7f62a08b5000 rw-p 00000000 00:00 0 
7f62a08b5000-7f62a08b9000 ---p 00000000 00:00 0 
7f62a08b9000-7f62a09b6000 rw-p 00000000 00:00 0 
7f62a09b6000-7f62a09ba000 ---p 00000000 00:00 0 
7f62a09ba000-7f62a0ab7000 rw-p 00000000 00:00 0 
7f62a0ab7000-7f62a15fe000 r--p 00000000 08:05 13245090                   /usr/lib/locale/locale-archive
7f62a15fe000-7f62a1602000 ---p 00000000 00:00 0 
7f62a1602000-7f62a16ff000 rw-p 00000000 00:00 0 
7f62a16ff000-7f62a1703000 ---p 00000000 00:00 0 
7f62a1703000-7f62a4000000 rw-p 00000000 00:00 0 
7f62a4000000-7f62a4021000 rw-p 00000000 00:00 0 
7f62a4021000-7f62a8000000 ---p 00000000 00:00 0 
7f62a8000000-7f62a8021000 rw-p 00000000 00:00 0 
7f62a8021000-7f62ac000000 ---p 00000000 00:00 0 
7f62ac000000-7f62ac021000 rw-p 00000000 00:00 0 
7f62ac021000-7f62b0000000 ---p 00000000 00:00 0 
7f62b00f5000-7f62b00f6000 ---p 00000000 00:00 0 
7f62b00f6000-7f62b01f7000 rw-p 00000000 00:00 0 
7f62b01f7000-7f62b01f8000 ---p 00000000 00:00 0 
7f62b01f8000-7f62b02f9000 rw-p 00000000 00:00 0 
7f62b02f9000-7f62b02fa000 ---p 00000000 00:00 0 
7f62b02fa000-7f62b03fb000 rw-p 00000000 00:00 0 
7f62b03fb000-7f62b03fc000 ---p 00000000 00:00 0 
7f62b03fc000-7f62b0901000 rw-p 00000000 00:00 0 
7f62b0901000-7f62b0902000 ---p 00000000 00:00 0 
7f62b0902000-7f62b0a03000 rw-p 00000000 00:00 0 
7f62b0a03000-7f62b0a04000 ---p 00000000 00:00 0 
7f62b0a04000-7f62b0cd9000 rw-p 00000000 00:00 0 
7f62b0cd9000-7f62b1afd000 ---p 00000000 00:00 0 
7f62b1afd000-7f62b1cd9000 rw-p 00000000 00:00 0 
7f62b1cd9000-7f62b2afd000 ---p 00000000 00:00 0 
7f62b2afd000-7f62b2b40000 rw-p 00000000 00:00 0 
7f62b2b40000-7f62b2d04000 ---p 00000000 00:00 0 
7f62b2d04000-7f62b2d40000 rw-p 00000000 00:00 0 
7f62b2d40000-7f62b2f04000 ---p 00000000 00:00 0 
7f62b2f04000-7f62b2f40000 rw-p 00000000 00:00 0 
7f62b2f40000-7f62b3104000 ---p 00000000 00:00 0 
7f62b3104000-7f62b3509000 rw-p 00000000 00:00 0 
7f62b3509000-7f62b350a000 ---p 00000000 00:00 0 
7f62b350a000-7f62b3610000 rw-p 00000000 00:00 0 
7f62b3610000-7f62b36f6000 ---p 00000000 00:00 0 
7f62b36f6000-7f62b3966000 rwxp 00000000 00:00 0 
7f62b3966000-7f62b3c86000 ---p 00000000 00:00 0 
7f62b3c86000-7f62b45c6000 rwxp 00000000 00:00 0 
7f62b45c6000-7f62bb1be000 ---p 00000000 00:00 0 
7f62bb1be000-7f62bb42e000 rwxp 00000000 00:00 0 
7f62bb42e000-7f62c26f6000 ---p 00000000 00:00 0 
7f62c26f6000-7f62cad6e000 r--s 00000000 08:05 14699219                   /usr/lib/jvm/java-11-openjdk-amd64/lib/modules
7f62cad6e000-7f62cad73000 r-xp 00000000 08:05 14699201                   /usr/lib/jvm/java-11-openjdk-amd64/lib/libjimage.so
7f62cad73000-7f62caf72000 ---p 00005000 08:05 14699201                   /usr/lib/jvm/java-11-openjdk-amd64/lib/libjimage.so
7f62caf72000-7f62caf73000 r--p 00004000 08:05 14699201                   /usr/lib/jvm/java-11-openjdk-amd64/lib/libjimage.so
7f62caf73000-7f62caf74000 rw-p 00005000 08:05 14699201                   /usr/lib/jvm/java-11-openjdk-amd64/lib/libjimage.so
7f62caf74000-7f62caf7b000 r-xp 00000000 08:05 14699218                   /usr/lib/jvm/java-11-openjdk-amd64/lib/libzip.so
7f62caf7b000-7f62cb17a000 ---p 00007000 08:05 14699218                   /usr/lib/jvm/java-11-openjdk-amd64/lib/libzip.so
7f62cb17a000-7f62cb17b000 r--p 00006000 08:05 14699218                   /usr/lib/jvm/java-11-openjdk-amd64/lib/libzip.so
7f62cb17b000-7f62cb17c000 rw-p 00007000 08:05 14699218                   /usr/lib/jvm/java-11-openjdk-amd64/lib/libzip.so
7f62cb17c000-7f62cb187000 r-xp 00000000 08:05 4199219                    /lib/x86_64-linux-gnu/libnss_files-2.27.so
7f62cb187000-7f62cb386000 ---p 0000b000 08:05 4199219                    /lib/x86_64-linux-gnu/libnss_files-2.27.so
7f62cb386000-7f62cb387000 r--p 0000a000 08:05 4199219                    /lib/x86_64-linux-gnu/libnss_files-2.27.so
7f62cb387000-7f62cb388000 rw-p 0000b000 08:05 4199219                    /lib/x86_64-linux-gnu/libnss_files-2.27.so
7f62cb388000-7f62cb38e000 rw-p 00000000 00:00 0 
7f62cb38e000-7f62cb3a5000 r-xp 00000000 08:05 4199213                    /lib/x86_64-linux-gnu/libnsl-2.27.so
7f62cb3a5000-7f62cb5a4000 ---p 00017000 08:05 4199213                    /lib/x86_64-linux-gnu/libnsl-2.27.so
7f62cb5a4000-7f62cb5a5000 r--p 00016000 08:05 4199213                    /lib/x86_64-linux-gnu/libnsl-2.27.so
7f62cb5a5000-7f62cb5a6000 rw-p 00017000 08:05 4199213                    /lib/x86_64-linux-gnu/libnsl-2.27.so
7f62cb5a6000-7f62cb5a8000 rw-p 00000000 00:00 0 
7f62cb5a8000-7f62cb5b3000 r-xp 00000000 08:05 4199230                    /lib/x86_64-linux-gnu/libnss_nis-2.27.so
7f62cb5b3000-7f62cb7b2000 ---p 0000b000 08:05 4199230                    /lib/x86_64-linux-gnu/libnss_nis-2.27.so
7f62cb7b2000-7f62cb7b3000 r--p 0000a000 08:05 4199230                    /lib/x86_64-linux-gnu/libnss_nis-2.27.so
7f62cb7b3000-7f62cb7b4000 rw-p 0000b000 08:05 4199230                    /lib/x86_64-linux-gnu/libnss_nis-2.27.so
7f62cb7b4000-7f62cb7bc000 r-xp 00000000 08:05 4199215                    /lib/x86_64-linux-gnu/libnss_compat-2.27.so
7f62cb7bc000-7f62cb9bc000 ---p 00008000 08:05 4199215                    /lib/x86_64-linux-gnu/libnss_compat-2.27.so
7f62cb9bc000-7f62cb9bd000 r--p 00008000 08:05 4199215                    /lib/x86_64-linux-gnu/libnss_compat-2.27.so
7f62cb9bd000-7f62cb9be000 rw-p 00009000 08:05 4199215                    /lib/x86_64-linux-gnu/libnss_compat-2.27.so
7f62cb9be000-7f62cb9e7000 r-xp 00000000 08:05 14699197                   /usr/lib/jvm/java-11-openjdk-amd64/lib/libjava.so
7f62cb9e7000-7f62cbbe6000 ---p 00029000 08:05 14699197                   /usr/lib/jvm/java-11-openjdk-amd64/lib/libjava.so
7f62cbbe6000-7f62cbbe7000 r--p 00028000 08:05 14699197                   /usr/lib/jvm/java-11-openjdk-amd64/lib/libjava.so
7f62cbbe7000-7f62cbbe9000 rw-p 00029000 08:05 14699197                   /usr/lib/jvm/java-11-openjdk-amd64/lib/libjava.so
7f62cbbe9000-7f62cbbf6000 r-xp 00000000 08:05 14699217                   /usr/lib/jvm/java-11-openjdk-amd64/lib/libverify.so
7f62cbbf6000-7f62cbdf5000 ---p 0000d000 08:05 14699217                   /usr/lib/jvm/java-11-openjdk-amd64/lib/libverify.so
7f62cbdf5000-7f62cbdf7000 r--p 0000c000 08:05 14699217                   /usr/lib/jvm/java-11-openjdk-amd64/lib/libverify.so
7f62cbdf7000-7f62cbdf8000 rw-p 0000e000 08:05 14699217                   /usr/lib/jvm/java-11-openjdk-amd64/lib/libverify.so
7f62cbdf8000-7f62cbdff000 r-xp 00000000 08:05 4199270                    /lib/x86_64-linux-gnu/librt-2.27.so
7f62cbdff000-7f62cbffe000 ---p 00007000 08:05 4199270                    /lib/x86_64-linux-gnu/librt-2.27.so
7f62cbffe000-7f62cbfff000 r--p 00006000 08:05 4199270                    /lib/x86_64-linux-gnu/librt-2.27.so
7f62cbfff000-7f62cc000000 rw-p 00007000 08:05 4199270                    /lib/x86_64-linux-gnu/librt-2.27.so
7f62cc000000-7f62cc6b0000 rw-p 00000000 00:00 0 
7f62cc6b0000-7f62d0000000 ---p 00000000 00:00 0 
7f62d000a000-7f62d009e000 rw-p 00000000 00:00 0 
7f62d009e000-7f62d0176000 ---p 00000000 00:00 0 
7f62d0176000-7f62d018d000 r-xp 00000000 08:05 4199166                    /lib/x86_64-linux-gnu/libgcc_s.so.1
7f62d018d000-7f62d038c000 ---p 00017000 08:05 4199166                    /lib/x86_64-linux-gnu/libgcc_s.so.1
7f62d038c000-7f62d038d000 r--p 00016000 08:05 4199166                    /lib/x86_64-linux-gnu/libgcc_s.so.1
7f62d038d000-7f62d038e000 rw-p 00017000 08:05 4199166                    /lib/x86_64-linux-gnu/libgcc_s.so.1
7f62d038e000-7f62d052b000 r-xp 00000000 08:05 4199192                    /lib/x86_64-linux-gnu/libm-2.27.so
7f62d052b000-7f62d072a000 ---p 0019d000 08:05 4199192                    /lib/x86_64-linux-gnu/libm-2.27.so
7f62d072a000-7f62d072b000 r--p 0019c000 08:05 4199192                    /lib/x86_64-linux-gnu/libm-2.27.so
7f62d072b000-7f62d072c000 rw-p 0019d000 08:05 4199192                    /lib/x86_64-linux-gnu/libm-2.27.so
7f62d072c000-7f62d08a5000 r-xp 00000000 08:05 13247229                   /usr/lib/x86_64-linux-gnu/libstdc++.so.6.0.25
7f62d08a5000-7f62d0aa5000 ---p 00179000 08:05 13247229                   /usr/lib/x86_64-linux-gnu/libstdc++.so.6.0.25
7f62d0aa5000-7f62d0aaf000 r--p 00179000 08:05 13247229                   /usr/lib/x86_64-linux-gnu/libstdc++.so.6.0.25
7f62d0aaf000-7f62d0ab1000 rw-p 00183000 08:05 13247229                   /usr/lib/x86_64-linux-gnu/libstdc++.so.6.0.25
7f62d0ab1000-7f62d0ab5000 rw-p 00000000 00:00 0 
7f62d0ab5000-7f62d1b80000 r-xp 00000000 08:05 1056866                    /usr/lib/jvm/java-11-openjdk-amd64/lib/server/libjvm.so
7f62d1b80000-7f62d1d7f000 ---p 010cb000 08:05 1056866                    /usr/lib/jvm/java-11-openjdk-amd64/lib/server/libjvm.so
7f62d1d7f000-7f62d1e3c000 r--p 010ca000 08:05 1056866                    /usr/lib/jvm/java-11-openjdk-amd64/lib/server/libjvm.so
7f62d1e3c000-7f62d1e75000 rw-p 01187000 08:05 1056866                    /usr/lib/jvm/java-11-openjdk-amd64/lib/server/libjvm.so
7f62d1e75000-7f62d1ecb000 rw-p 00000000 00:00 0 
7f62d1ecb000-7f62d1ee5000 r-xp 00000000 08:05 4199262                    /lib/x86_64-linux-gnu/libpthread-2.27.so
7f62d1ee5000-7f62d20e4000 ---p 0001a000 08:05 4199262                    /lib/x86_64-linux-gnu/libpthread-2.27.so
7f62d20e4000-7f62d20e5000 r--p 00019000 08:05 4199262                    /lib/x86_64-linux-gnu/libpthread-2.27.so
7f62d20e5000-7f62d20e6000 rw-p 0001a000 08:05 4199262                    /lib/x86_64-linux-gnu/libpthread-2.27.so
7f62d20e6000-7f62d20ea000 rw-p 00000000 00:00 0 
7f62d20ea000-7f62d20ed000 r-xp 00000000 08:05 4199152                    /lib/x86_64-linux-gnu/libdl-2.27.so
7f62d20ed000-7f62d22ec000 ---p 00003000 08:05 4199152                    /lib/x86_64-linux-gnu/libdl-2.27.so
7f62d22ec000-7f62d22ed000 r--p 00002000 08:05 4199152                    /lib/x86_64-linux-gnu/libdl-2.27.so
7f62d22ed000-7f62d22ee000 rw-p 00003000 08:05 4199152                    /lib/x86_64-linux-gnu/libdl-2.27.so
7f62d22ee000-7f62d230a000 r-xp 00000000 08:05 4199301                    /lib/x86_64-linux-gnu/libz.so.1.2.11
7f62d230a000-7f62d2509000 ---p 0001c000 08:05 4199301                    /lib/x86_64-linux-gnu/libz.so.1.2.11
7f62d2509000-7f62d250a000 r--p 0001b000 08:05 4199301                    /lib/x86_64-linux-gnu/libz.so.1.2.11
7f62d250a000-7f62d250b000 rw-p 0001c000 08:05 4199301                    /lib/x86_64-linux-gnu/libz.so.1.2.11
7f62d250b000-7f62d26f2000 r-xp 00000000 08:05 4199129                    /lib/x86_64-linux-gnu/libc-2.27.so
7f62d26f2000-7f62d28f2000 ---p 001e7000 08:05 4199129                    /lib/x86_64-linux-gnu/libc-2.27.so
7f62d28f2000-7f62d28f6000 r--p 001e7000 08:05 4199129                    /lib/x86_64-linux-gnu/libc-2.27.so
7f62d28f6000-7f62d28f8000 rw-p 001eb000 08:05 4199129                    /lib/x86_64-linux-gnu/libc-2.27.so
7f62d28f8000-7f62d28fc000 rw-p 00000000 00:00 0 
7f62d28fc000-7f62d290b000 r-xp 00000000 08:05 14699182                   /usr/lib/jvm/java-11-openjdk-amd64/lib/jli/libjli.so
7f62d290b000-7f62d2b0b000 ---p 0000f000 08:05 14699182                   /usr/lib/jvm/java-11-openjdk-amd64/lib/jli/libjli.so
7f62d2b0b000-7f62d2b0c000 r--p 0000f000 08:05 14699182                   /usr/lib/jvm/java-11-openjdk-amd64/lib/jli/libjli.so
7f62d2b0c000-7f62d2b0d000 rw-p 00010000 08:05 14699182                   /usr/lib/jvm/java-11-openjdk-amd64/lib/jli/libjli.so
7f62d2b0d000-7f62d2b34000 r-xp 00000000 08:05 4199101                    /lib/x86_64-linux-gnu/ld-2.27.so
7f62d2b42000-7f62d2b46000 ---p 00000000 00:00 0 
7f62d2b46000-7f62d2b64000 rw-p 00000000 00:00 0 
7f62d2b64000-7f62d2b6b000 r--s 00000000 08:05 13503285                   /usr/lib/x86_64-linux-gnu/gconv/gconv-modules.cache
7f62d2b6b000-7f62d2b9b000 r--p 00000000 08:05 14558313                   /usr/share/locale-langpack/ru/LC_MESSAGES/libc.mo
7f62d2b9b000-7f62d2c19000 rw-p 00000000 00:00 0 
7f62d2c19000-7f62d2c1d000 ---p 00000000 00:00 0 
7f62d2c1d000-7f62d2d21000 rw-p 00000000 00:00 0 
7f62d2d21000-7f62d2d28000 ---p 00000000 00:00 0 
7f62d2d28000-7f62d2d30000 rw-s 00000000 08:05 2368990                    /tmp/hsperfdata_egor/16608
7f62d2d30000-7f62d2d31000 ---p 00000000 00:00 0 
7f62d2d31000-7f62d2d32000 r--p 00000000 00:00 0 
7f62d2d32000-7f62d2d34000 rw-p 00000000 00:00 0 
7f62d2d34000-7f62d2d35000 r--p 00027000 08:05 4199101                    /lib/x86_64-linux-gnu/ld-2.27.so
7f62d2d35000-7f62d2d36000 rw-p 00028000 08:05 4199101                    /lib/x86_64-linux-gnu/ld-2.27.so
7f62d2d36000-7f62d2d37000 rw-p 00000000 00:00 0 
7ffed4c99000-7ffed4cba000 rw-p 00000000 00:00 0                          [stack]
7ffed4d14000-7ffed4d17000 r--p 00000000 00:00 0                          [vvar]
7ffed4d17000-7ffed4d19000 r-xp 00000000 00:00 0                          [vdso]
ffffffffff600000-ffffffffff601000 r-xp 00000000 00:00 0                  [vsyscall]


VM Arguments:
jvm_args: --add-modules=ALL-SYSTEM --add-opens=java.base/java.util=ALL-UNNAMED --add-opens=java.base/java.lang=ALL-UNNAMED -Declipse.application=org.eclipse.jdt.ls.core.id1 -Dosgi.bundles.defaultStartLevel=4 -Declipse.product=org.eclipse.jdt.ls.core.product -Dfile.encoding=utf8 -Xverify:none -Xmx1G -XX:+UseG1GC -XX:+UseStringDeduplication 
java_command: /home/egor/.vscode/extensions/redhat.java-0.44.0/server/plugins/org.eclipse.equinox.launcher_1.5.300.v20190213-1655.jar -configuration /home/egor/.vscode/extensions/redhat.java-0.44.0/server/config_linux -data /home/egor/.config/Code/User/workspaceStorage/44023016d8ec9ae63b8e3a5527715a99/redhat.java/jdt_ws
java_class_path (initial): /home/egor/.vscode/extensions/redhat.java-0.44.0/server/plugins/org.eclipse.equinox.launcher_1.5.300.v20190213-1655.jar
Launcher Type: SUN_STANDARD

[Global flags]
     bool BytecodeVerificationLocal                = false                                     {product} {command line}
     bool BytecodeVerificationRemote               = false                                     {product} {command line}
     intx CICompilerCount                          = 3                                         {product} {ergonomic}
     uint ConcGCThreads                            = 1                                         {product} {ergonomic}
     uint G1ConcRefinementThreads                  = 4                                         {product} {ergonomic}
   size_t G1HeapRegionSize                         = 1048576                                   {product} {ergonomic}
    uintx GCDrainStackTargetSize                   = 64                                        {product} {ergonomic}
   size_t InitialHeapSize                          = 60817408                                  {product} {ergonomic}
   size_t MarkStackSize                            = 4194304                                   {product} {ergonomic}
   size_t MaxHeapSize                              = 1073741824                                {product} {command line}
   size_t MaxNewSize                               = 643825664                                 {product} {ergonomic}
   size_t MinHeapDeltaBytes                        = 1048576                                   {product} {ergonomic}
    uintx NonNMethodCodeHeapSize                   = 5830092                                {pd product} {ergonomic}
    uintx NonProfiledCodeHeapSize                  = 122914074                              {pd product} {ergonomic}
    uintx ProfiledCodeHeapSize                     = 122914074                              {pd product} {ergonomic}
    uintx ReservedCodeCacheSize                    = 251658240                              {pd product} {ergonomic}
     bool SegmentedCodeCache                       = true                                      {product} {ergonomic}
     bool UseCompressedClassPointers               = true                                 {lp64_product} {ergonomic}
     bool UseCompressedOops                        = true                                 {lp64_product} {ergonomic}
     bool UseG1GC                                  = true                                      {product} {command line}
     bool UseStringDeduplication                   = true                                      {product} {command line}

Logging:
Log output configuration:
 #0: stdout all=warning uptime,level,tags
 #1: stderr all=off uptime,level,tags

Environment Variables:
PATH=/usr/local/sbin:/usr/local/bin:/usr/sbin:/usr/bin:/sbin:/bin:/usr/games:/usr/local/games:/snap/bin
USERNAME=egor
SHELL=/bin/zsh
DISPLAY=:0

Signal Handlers:
SIGSEGV: [libjvm.so+0xde6480], sa_mask[0]=11111111011111111101111111111110, sa_flags=SA_RESTART|SA_SIGINFO
SIGBUS: [libjvm.so+0xde6480], sa_mask[0]=11111111011111111101111111111110, sa_flags=SA_RESTART|SA_SIGINFO
SIGFPE: [libjvm.so+0xde6480], sa_mask[0]=11111111011111111101111111111110, sa_flags=SA_RESTART|SA_SIGINFO
SIGPIPE: [libjvm.so+0xbbbc90], sa_mask[0]=11111111011111111101111111111110, sa_flags=SA_RESTART|SA_SIGINFO
SIGXFSZ: [libjvm.so+0xbbbc90], sa_mask[0]=11111111011111111101111111111110, sa_flags=SA_RESTART|SA_SIGINFO
SIGILL: [libjvm.so+0xde6480], sa_mask[0]=11111111011111111101111111111110, sa_flags=SA_RESTART|SA_SIGINFO
SIGUSR2: [libjvm.so+0xbbbb30], sa_mask[0]=00000000000000000000000000000000, sa_flags=SA_RESTART|SA_SIGINFO
SIGHUP: [libjvm.so+0xbbbe90], sa_mask[0]=11111111011111111101111111111110, sa_flags=SA_RESTART|SA_SIGINFO
SIGINT: [libjvm.so+0xbbbe90], sa_mask[0]=11111111011111111101111111111110, sa_flags=SA_RESTART|SA_SIGINFO
SIGTERM: [libjvm.so+0xbbbe90], sa_mask[0]=11111111011111111101111111111110, sa_flags=SA_RESTART|SA_SIGINFO
SIGQUIT: [libjvm.so+0xbbbe90], sa_mask[0]=11111111011111111101111111111110, sa_flags=SA_RESTART|SA_SIGINFO


---------------  S Y S T E M  ---------------

OS:DISTRIB_ID=Ubuntu
DISTRIB_RELEASE=18.04
DISTRIB_CODENAME=bionic
DISTRIB_DESCRIPTION="Ubuntu 18.04.2 LTS"
uname:Linux 4.18.0-17-generic #18~18.04.1-Ubuntu SMP Fri Mar 15 15:27:12 UTC 2019 x86_64
libc:glibc 2.27 NPTL 2.27 
rlimit: STACK 8192k, CORE 0k, NPROC 14449, NOFILE 1048576, AS infinity, DATA infinity, FSIZE infinity
load average:15,67 5,81 2,64

/proc/meminfo:
MemTotal:        3743388 kB
MemFree:          113916 kB
MemAvailable:      57776 kB
Buffers:             840 kB
Cached:           440088 kB
SwapCached:        10176 kB
Active:          2700000 kB
Inactive:         585656 kB
Active(anon):    2660552 kB
Inactive(anon):   542388 kB
Active(file):      39448 kB
Inactive(file):    43268 kB
Unevictable:          48 kB
Mlocked:              48 kB
SwapTotal:       2097148 kB
SwapFree:              4 kB
Dirty:               300 kB
Writeback:          2304 kB
AnonPages:       2835232 kB
Mapped:           327780 kB
Shmem:            358008 kB
Slab:             119208 kB
SReclaimable:      41972 kB
SUnreclaim:        77236 kB
KernelStack:       23872 kB
PageTables:       101924 kB
NFS_Unstable:          0 kB
Bounce:                0 kB
WritebackTmp:          0 kB
CommitLimit:     3968840 kB
Committed_AS:   16134948 kB
VmallocTotal:   34359738367 kB
VmallocUsed:           0 kB
VmallocChunk:          0 kB
HardwareCorrupted:     0 kB
AnonHugePages:         0 kB
ShmemHugePages:        0 kB
ShmemPmdMapped:        0 kB
CmaTotal:              0 kB
CmaFree:               0 kB
HugePages_Total:       0
HugePages_Free:        0
HugePages_Rsvd:        0
HugePages_Surp:        0
Hugepagesize:       2048 kB
Hugetlb:               0 kB
DirectMap4k:      310776 kB
DirectMap2M:     3586048 kB
DirectMap1G:           0 kB


/proc/sys/kernel/threads-max (system-wide limit on the number of threads):
28898


/proc/sys/vm/max_map_count (maximum number of memory map areas a process may have):
65530


/proc/sys/kernel/pid_max (system-wide limit on number of process identifiers):
32768



container (cgroup) information:
container_type: cgroupv1
cpu_cpuset_cpus: 0-3
cpu_memory_nodes: 0
active_processor_count: 4
cpu_quota: -1
cpu_period: 100000
cpu_shares: -1
memory_limit_in_bytes: -1
memory_and_swap_limit_in_bytes: -2
memory_soft_limit_in_bytes: -1
memory_usage_in_bytes: 3353014272
memory_max_usage_in_bytes: 2072576


CPU:total 4 (initial active 4) (2 cores per cpu, 2 threads per core) family 6 model 69 stepping 1, cmov, cx8, fxsr, mmx, sse, sse2, sse3, ssse3, sse4.1, sse4.2, popcnt, avx, avx2, aes, clmul, erms, lzcnt, ht, tsc, tscinvbit, bmi1, bmi2, fma
CPU Model and flags from /proc/cpuinfo:
model name	: Intel(R) Core(TM) i3-4010U CPU @ 1.70GHz
flags		: fpu vme de pse tsc msr pae mce cx8 apic sep mtrr pge mca cmov pat pse36 clflush dts acpi mmx fxsr sse sse2 ss ht tm pbe syscall nx pdpe1gb rdtscp lm constant_tsc arch_perfmon pebs bts rep_good nopl xtopology nonstop_tsc cpuid aperfmperf pni pclmulqdq dtes64 monitor ds_cpl vmx est tm2 ssse3 sdbg fma cx16 xtpr pdcm pcid sse4_1 sse4_2 x2apic movbe popcnt tsc_deadline_timer aes xsave avx f16c rdrand lahf_lm abm cpuid_fault epb invpcid_single pti ssbd ibrs ibpb stibp tpr_shadow vnmi flexpriority ept vpid fsgsbase tsc_adjust bmi1 avx2 smep bmi2 erms invpcid xsaveopt dtherm ida arat pln pts flush_l1d

Memory: 4k page, physical 3743388k(116700k free), swap 2097148k(4k free)

vm_info: OpenJDK 64-Bit Server VM (11.0.2+9-Ubuntu-3ubuntu118.04.3) for linux-amd64 JRE (11.0.2+9-Ubuntu-3ubuntu118.04.3), built on Mar 26 2019 20:57:06 by "buildd" with gcc 7.3.0

END.
